<?xml version="1.0" encoding="UTF-8" ?>
<testsuite errors="0" failures="0" hostname="DESKTOP-BN5HS2K" name="domain.Testes2" skipped="0" tests="8" time="0.481" timestamp="2017-05-01T20:19:26">
  <properties>
[...]
</properties>
  <testcase classname="domain.Testes2" name="moverParaCima" time="0.099" />
  <testcase classname="domain.Testes2" name="moverParaBaixo" time="0.02" />
  <testcase classname="domain.Testes2" name="moverParaDireita" time="0.024" />
  <testcase classname="domain.Testes2" name="moverNull" time="0.027" />
  <testcase classname="domain.Testes2" name="colocarPeçaNoTabuleiro" time="0.021" />
  <testcase classname="domain.Testes2" name="falharMoverParaBaixo" time="0.016" />
  <testcase classname="domain.Testes2" name="colocarNenhumaPeçaNoTabuleiro" time="0.003" />
  <testcase classname="domain.Testes2" name="moverParaEsquerda" time="0.019" />
  <system-out><![CDATA[--------------------------------------
Begin test capture for : domain/Testes2.moverParaCima()V
State Coverage Report for domain/Testes2.moverParaCima()V
Modified states: 17 [ "domain/Grid.numberOfColumns", "domain/EmbaralhadorFixo.movimentos", "domain/Tile.number", "domain/PuzzleGame.board", "domain/Grid.matrix", "domain/Board.grid", "domain/Tile.hash", "domain/Position.column", "domain/Position.line", "domain/PuzzleGame.positionsOfTiles", "domain/Cell.tile", "domain/Board.columns", "domain/SquareBoard.dimension", "domain/PuzzleGame.emptyCell", "domain/Board.lines", "domain/PuzzleGame.boardWithFinalState", "domain/Grid.numberOfLines" ]
Covered states: 4 [ "LEFT", "domain/PuzzleGame.board", "domain/PuzzleGame.emptyCell", "UP" ]
State Coverage: 0.11764705882352941
End test capture for : domain/Testes2.moverParaCima()V
--------------------------------------
--------------------------------------
Begin test capture for : domain/Testes2.moverParaBaixo()V
State Coverage Report for domain/Testes2.moverParaBaixo()V
Modified states: 17 [ "domain/Grid.numberOfColumns", "domain/EmbaralhadorFixo.movimentos", "domain/Tile.number", "domain/PuzzleGame.board", "domain/Grid.matrix", "domain/Board.grid", "domain/Tile.hash", "domain/Position.column", "domain/Position.line", "domain/PuzzleGame.positionsOfTiles", "domain/Cell.tile", "domain/Board.columns", "domain/SquareBoard.dimension", "domain/PuzzleGame.emptyCell", "domain/Board.lines", "domain/PuzzleGame.boardWithFinalState", "domain/Grid.numberOfLines" ]
Covered states: 4 [ "DOWN", "LEFT", "domain/PuzzleGame.board", "domain/PuzzleGame.emptyCell" ]
State Coverage: 0.11764705882352941
End test capture for : domain/Testes2.moverParaBaixo()V
--------------------------------------
--------------------------------------
Begin test capture for : domain/Testes2.moverParaDireita()V
State Coverage Report for domain/Testes2.moverParaDireita()V
Modified states: 17 [ "domain/Grid.numberOfColumns", "domain/EmbaralhadorFixo.movimentos", "domain/Tile.number", "domain/PuzzleGame.board", "domain/Grid.matrix", "domain/Board.grid", "domain/Tile.hash", "domain/Position.column", "domain/Position.line", "domain/PuzzleGame.positionsOfTiles", "domain/Cell.tile", "domain/Board.columns", "domain/SquareBoard.dimension", "domain/PuzzleGame.emptyCell", "domain/Board.lines", "domain/PuzzleGame.boardWithFinalState", "domain/Grid.numberOfLines" ]
Covered states: 4 [ "LEFT", "domain/PuzzleGame.board", "domain/PuzzleGame.emptyCell", "RIGHT" ]
State Coverage: 0.11764705882352941
End test capture for : domain/Testes2.moverParaDireita()V
--------------------------------------
--------------------------------------
Begin test capture for : domain/Testes2.moverNull()V
State Coverage Report for domain/Testes2.moverNull()V
Modified states: 17 [ "domain/Grid.numberOfColumns", "domain/EmbaralhadorFixo.movimentos", "domain/Tile.number", "domain/PuzzleGame.board", "domain/Grid.matrix", "domain/Board.grid", "domain/Tile.hash", "domain/Position.column", "domain/Position.line", "domain/PuzzleGame.positionsOfTiles", "domain/Cell.tile", "domain/Board.columns", "domain/SquareBoard.dimension", "domain/PuzzleGame.emptyCell", "domain/Board.lines", "domain/PuzzleGame.boardWithFinalState", "domain/Grid.numberOfLines" ]
Covered states: 1 [ "LEFT" ]
State Coverage: 0.0
End test capture for : domain/Testes2.moverNull()V
--------------------------------------
--------------------------------------
Begin test capture for : domain/Testes2.colocarPeçaNoTabuleiro()V
State Coverage Report for domain/Testes2.colocarPeçaNoTabuleiro()V
Modified states: 17 [ "domain/Grid.numberOfColumns", "domain/EmbaralhadorFixo.movimentos", "domain/Tile.number", "domain/PuzzleGame.board", "domain/Grid.matrix", "domain/Board.grid", "domain/Tile.hash", "domain/Position.column", "domain/Position.line", "domain/PuzzleGame.positionsOfTiles", "domain/Cell.tile", "domain/Board.columns", "domain/SquareBoard.dimension", "domain/PuzzleGame.emptyCell", "domain/Board.lines", "domain/PuzzleGame.boardWithFinalState", "domain/Grid.numberOfLines" ]
Covered states: 0 [  ]
State Coverage: 0.0
End test capture for : domain/Testes2.colocarPeçaNoTabuleiro()V
--------------------------------------
--------------------------------------
Begin test capture for : domain/Testes2.falharMoverParaBaixo()V
State Coverage Report for domain/Testes2.falharMoverParaBaixo()V
Modified states: 17 [ "domain/Grid.numberOfColumns", "domain/EmbaralhadorFixo.movimentos", "domain/Tile.number", "domain/PuzzleGame.board", "domain/Grid.matrix", "domain/Board.grid", "domain/Tile.hash", "domain/Position.column", "domain/Position.line", "domain/PuzzleGame.positionsOfTiles", "domain/Cell.tile", "domain/Board.columns", "domain/SquareBoard.dimension", "domain/PuzzleGame.emptyCell", "domain/Board.lines", "domain/PuzzleGame.boardWithFinalState", "domain/Grid.numberOfLines" ]
Covered states: 4 [ "DOWN", "LEFT", "domain/PuzzleGame.board", "domain/PuzzleGame.emptyCell" ]
State Coverage: 0.11764705882352941
End test capture for : domain/Testes2.falharMoverParaBaixo()V
--------------------------------------
--------------------------------------
Begin test capture for : domain/Testes2.colocarNenhumaPeçaNoTabuleiro()V
--------------------------------------
Begin test capture for : domain/Testes2.moverParaEsquerda()V
State Coverage Report for domain/Testes2.moverParaEsquerda()V
Modified states: 17 [ "domain/Grid.numberOfColumns", "domain/EmbaralhadorFixo.movimentos", "domain/Tile.number", "domain/PuzzleGame.board", "domain/Grid.matrix", "domain/Board.grid", "domain/Tile.hash", "domain/Position.column", "domain/Position.line", "domain/PuzzleGame.positionsOfTiles", "domain/Cell.tile", "domain/Board.columns", "domain/SquareBoard.dimension", "domain/PuzzleGame.emptyCell", "domain/Board.lines", "domain/PuzzleGame.boardWithFinalState", "domain/Grid.numberOfLines" ]
Covered states: 3 [ "LEFT", "domain/PuzzleGame.board", "domain/PuzzleGame.emptyCell" ]
State Coverage: 0.11764705882352941
End test capture for : domain/Testes2.moverParaEsquerda()V
--------------------------------------
]]></system-out>
  <system-err><![CDATA[]]></system-err>
</testsuite>
