<?xml version="1.0" encoding="UTF-8" ?>
<testsuite errors="0" failures="0" hostname="DESKTOP-BN5HS2K" name="domain.Testes" skipped="0" tests="5" time="0.469" timestamp="2017-05-01T20:19:24">
  <properties>
[...]
</properties>
  <testcase classname="domain.Testes" name="colocarPeçasNoTabuleiro" time="0.079" />
  <testcase classname="domain.Testes" name="moverCasaVaziaParaEsquerda" time="0.047" />
  <testcase classname="domain.Testes" name="moverCasaVaziaParaBaixo" time="0.016" />
  <testcase classname="domain.Testes" name="moverCasaVaziaParaDireita" time="0.039" />
  <testcase classname="domain.Testes" name="moverCasaVaziaParaCima" time="0.017" />
  <system-out><![CDATA[--------------------------------------
Begin test capture for : domain/Testes.colocarPeçasNoTabuleiro()V
State Coverage Report for domain/Testes.colocarPeçasNoTabuleiro()V
Modified states: 17 [ "domain/Grid.numberOfColumns", "domain/EmbaralhadorFixo.movimentos", "domain/Tile.number", "domain/PuzzleGame.board", "domain/Grid.matrix", "domain/Board.grid", "domain/Tile.hash", "domain/Position.column", "domain/Position.line", "domain/PuzzleGame.positionsOfTiles", "domain/Cell.tile", "domain/Board.columns", "domain/SquareBoard.dimension", "domain/PuzzleGame.emptyCell", "domain/Board.lines", "domain/PuzzleGame.boardWithFinalState", "domain/Grid.numberOfLines" ]
Covered states: 0 [  ]
State Coverage: 0.0
End test capture for : domain/Testes.colocarPeçasNoTabuleiro()V
--------------------------------------
--------------------------------------
Begin test capture for : domain/Testes.moverCasaVaziaParaEsquerda()V
State Coverage Report for domain/Testes.moverCasaVaziaParaEsquerda()V
Modified states: 17 [ "domain/Grid.numberOfColumns", "domain/EmbaralhadorFixo.movimentos", "domain/Tile.number", "domain/PuzzleGame.board", "domain/Grid.matrix", "domain/Board.grid", "domain/Tile.hash", "domain/Position.column", "domain/Position.line", "domain/PuzzleGame.positionsOfTiles", "domain/Cell.tile", "domain/Board.columns", "domain/SquareBoard.dimension", "domain/PuzzleGame.emptyCell", "domain/Board.lines", "domain/PuzzleGame.boardWithFinalState", "domain/Grid.numberOfLines" ]
Covered states: 3 [ "LEFT", "domain/PuzzleGame.board", "domain/PuzzleGame.emptyCell" ]
State Coverage: 0.11764705882352941
End test capture for : domain/Testes.moverCasaVaziaParaEsquerda()V
--------------------------------------
--------------------------------------
Begin test capture for : domain/Testes.moverCasaVaziaParaBaixo()V
State Coverage Report for domain/Testes.moverCasaVaziaParaBaixo()V
Modified states: 17 [ "domain/Grid.numberOfColumns", "domain/EmbaralhadorFixo.movimentos", "domain/Tile.number", "domain/PuzzleGame.board", "domain/Grid.matrix", "domain/Board.grid", "domain/Tile.hash", "domain/Position.column", "domain/Position.line", "domain/PuzzleGame.positionsOfTiles", "domain/Cell.tile", "domain/Board.columns", "domain/SquareBoard.dimension", "domain/PuzzleGame.emptyCell", "domain/Board.lines", "domain/PuzzleGame.boardWithFinalState", "domain/Grid.numberOfLines" ]
Covered states: 4 [ "DOWN", "LEFT", "domain/PuzzleGame.board", "domain/PuzzleGame.emptyCell" ]
State Coverage: 0.11764705882352941
End test capture for : domain/Testes.moverCasaVaziaParaBaixo()V
--------------------------------------
--------------------------------------
Begin test capture for : domain/Testes.moverCasaVaziaParaDireita()V
State Coverage Report for domain/Testes.moverCasaVaziaParaDireita()V
Modified states: 17 [ "domain/Grid.numberOfColumns", "domain/EmbaralhadorFixo.movimentos", "domain/Tile.number", "domain/PuzzleGame.board", "domain/Grid.matrix", "domain/Board.grid", "domain/Tile.hash", "domain/Position.column", "domain/Position.line", "domain/PuzzleGame.positionsOfTiles", "domain/Cell.tile", "domain/Board.columns", "domain/SquareBoard.dimension", "domain/PuzzleGame.emptyCell", "domain/Board.lines", "domain/PuzzleGame.boardWithFinalState", "domain/Grid.numberOfLines" ]
Covered states: 4 [ "LEFT", "domain/PuzzleGame.board", "domain/PuzzleGame.emptyCell", "RIGHT" ]
State Coverage: 0.11764705882352941
End test capture for : domain/Testes.moverCasaVaziaParaDireita()V
--------------------------------------
--------------------------------------
Begin test capture for : domain/Testes.moverCasaVaziaParaCima()V
State Coverage Report for domain/Testes.moverCasaVaziaParaCima()V
Modified states: 17 [ "domain/Grid.numberOfColumns", "domain/EmbaralhadorFixo.movimentos", "domain/Tile.number", "domain/PuzzleGame.board", "domain/Grid.matrix", "domain/Board.grid", "domain/Tile.hash", "domain/Position.column", "domain/Position.line", "domain/PuzzleGame.positionsOfTiles", "domain/Cell.tile", "domain/Board.columns", "domain/SquareBoard.dimension", "domain/PuzzleGame.emptyCell", "domain/Board.lines", "domain/PuzzleGame.boardWithFinalState", "domain/Grid.numberOfLines" ]
Covered states: 4 [ "LEFT", "domain/PuzzleGame.board", "domain/PuzzleGame.emptyCell", "UP" ]
State Coverage: 0.11764705882352941
End test capture for : domain/Testes.moverCasaVaziaParaCima()V
--------------------------------------
]]></system-out>
  <system-err><![CDATA[]]></system-err>
</testsuite>
