<?xml version="1.0" encoding="UTF-8" ?>
<testsuites>
  <testsuite errors="0" failures="0" hostname="LAPTOP-3HPHKPQC" id="0" name="TestesSetupInline" package="br.ufsc.ine.leb.sistemaBancario.testes" skipped="0" tests="6" time="0.057" timestamp="2017-05-23T21:38:53">
      <properties>
[...]
</properties>

      <testcase classname="br.ufsc.ine.leb.sistemaBancario.testes.TestesSetupInline" name="bancoBancoDoBrasil" time="0.005" />

      <testcase classname="br.ufsc.ine.leb.sistemaBancario.testes.TestesSetupInline" name="contaMaria" time="0.003" />

      <testcase classname="br.ufsc.ine.leb.sistemaBancario.testes.TestesSetupInline" name="agênciaCentro" time="0.0" />

      <testcase classname="br.ufsc.ine.leb.sistemaBancario.testes.TestesSetupInline" name="saqueSemSaldo" time="0.004" />

      <testcase classname="br.ufsc.ine.leb.sistemaBancario.testes.TestesSetupInline" name="depósito10Reais" time="0.0" />

      <testcase classname="br.ufsc.ine.leb.sistemaBancario.testes.TestesSetupInline" name="saque6Reais" time="0.0" />

      <system-out><![CDATA[]]></system-out>

      <system-err><![CDATA[]]></system-err>

  </testsuite>
  <testsuite errors="0" failures="0" hostname="LAPTOP-3HPHKPQC" id="1" name="TestesSetupVariado" package="br.ufsc.ine.leb.sistemaBancario.testes" skipped="0" tests="6" time="0.006" timestamp="2017-05-23T21:38:53">
      <properties>
[...]
</properties>

      <testcase classname="br.ufsc.ine.leb.sistemaBancario.testes.TestesSetupVariado" name="bancoBancoDoBrasil" time="0.0" />

      <testcase classname="br.ufsc.ine.leb.sistemaBancario.testes.TestesSetupVariado" name="contaMaria" time="0.0" />

      <testcase classname="br.ufsc.ine.leb.sistemaBancario.testes.TestesSetupVariado" name="agênciaCentro" time="0.001" />

      <testcase classname="br.ufsc.ine.leb.sistemaBancario.testes.TestesSetupVariado" name="saqueSemSaldo" time="0.0" />

      <testcase classname="br.ufsc.ine.leb.sistemaBancario.testes.TestesSetupVariado" name="depósito10Reais" time="0.0" />

      <testcase classname="br.ufsc.ine.leb.sistemaBancario.testes.TestesSetupVariado" name="saque6Reais" time="0.0" />

      <system-out><![CDATA[]]></system-out>

      <system-err><![CDATA[]]></system-err>

  </testsuite>
</testsuites>
